2025-05-12	17:33:01	04937fa3-ad04-4b01-9a5d-ad2b3c230618	Servidor rodando na porta 3000
2025-05-12	17:33:16	718af4a8-833d-4410-ba9d-d2104d7674bb	Servidor rodando na porta 3000
2025-05-12	17:33:28	d0431ff1-1aea-44f0-afb9-3d6c9f59baec	Servidor rodando na porta 3000
2025-05-12	17:37:22	e68eef0a-2b24-40fa-8c50-eceabdd28b00	Servidor rodando na porta 3000
2025-05-12	17:38:13	d08ba74f-4f98-4a33-8e4b-5b4c67ef1184	Servidor rodando na porta 3000
2025-05-12	17:47:12	71f455d2-974d-4af6-bdaa-041bab76ba43	Servidor rodando na porta 3000
2025-05-12	17:47:56	e34c0063-af8e-4ec3-b0c8-9a7f60f4f0e2	Servidor rodando na porta 3000
2025-05-12	17:48:18	6fcba61e-aa6c-4643-b8f9-f0e9ee57d75d	Servidor rodando na porta 3000
2025-05-12	17:48:25	990bd515-5487-4fb3-a898-ec9024fe487a	Servidor rodando na porta 3000
2025-05-12	17:51:07	3d8474bd-7d8b-4e38-b76a-79f5beee20ec	Servidor rodando na porta 3000
2025-05-12	17:52:02	931c55cf-0d87-48bf-9bb0-a6f6f1b16e59	Servidor rodando na porta 3000
2025-05-12	17:53:01	54a2c09b-b6ab-4542-a531-5554943a84c5	Servidor rodando na porta 3000
2025-05-12	17:53:32	3baeb6ae-c122-4e7a-8564-dac10a224ac8	Servidor rodando na porta 3000
2025-05-12	17:53:59	01e26791-6e91-4daa-8328-f9de3c30afbb	Servidor rodando na porta 3000
2025-05-12	17:54:19	d780fb76-559f-48c2-8e77-1868d57f5ca7	Servidor rodando na porta 3000
2025-05-12	17:55:31	996ecae1-8996-40ed-8e2b-1a560ac77180	Servidor rodando na porta 3000
2025-05-12	17:56:35	5903151c-e91d-4b44-b377-e4ff45e8d92d	Servidor rodando na porta 3000
2025-05-12	17:56:49	e8e6ba2e-9d73-4f9f-a256-06a431ca1180	Servidor rodando na porta 3000
2025-05-13	15:19:13	16a08252-6a7d-4caa-8240-a44ea55429c7	Servidor rodando na porta 3000
2025-05-13	15:23:31	5d4dae8d-044b-403a-bc65-f40a0f9cab9b	Servidor rodando na porta 3000
2025-05-13	15:23:42	0a56064d-fd81-4864-a79e-9acc8a30ed38	Servidor rodando na porta 3000
2025-05-13	15:26:40	0f020471-259e-459b-914e-383ea7a6bda4	Servidor rodando na porta 3000
2025-05-13	16:09:21	e81680b3-5734-4df4-9aa2-50cfe9539956	Servidor rodando na porta 3000
2025-05-13	20:16:06	0bd0fcf7-9ca0-441c-923f-d8319e0ee291	Servidor rodando na porta 3000
2025-05-13	20:27:38	07936b9e-d903-482a-b8e3-00ba1b689a76	Servidor rodando na porta 3000
2025-05-13	20:29:05	fc789ea9-121b-4e21-8d3f-7059b5c2e3ad	Servidor rodando na porta 3000
2025-05-13	20:29:12	c287ec3b-d714-4138-98c1-65b50e70e3c8	Servidor rodando na porta 3000
2025-05-13	20:29:41	8b5327b2-bb8e-453c-b065-5ab3656b8ca6	Servidor rodando na porta 3000
2025-05-13	20:30:36	9874e6c9-c9f6-4a13-8d6d-893e0e67a37e	Servidor rodando na porta 3000
2025-05-13	20:31:26	6d42cc88-a760-46d9-862f-65db8a5a3ee1	Servidor rodando na porta 3000
2025-05-13	20:32:43	454efb92-f1f9-4d47-b110-b0989014ee13	Servidor rodando na porta 3000
2025-05-13	20:48:51	097f4841-fbc8-4272-aa6c-62eb929a24e3	Servidor rodando na porta 3000
2025-05-13	20:49:12	15eb2e11-f1ee-4e17-ad66-eef219379b8f	Servidor rodando na porta 3000
2025-05-13	20:49:39	4409f3c6-e05a-45cb-a234-a33f33a5fbfd	Servidor rodando na porta 3000
2025-05-13	20:49:57	52a8d8f6-1f7c-4a96-bc54-1f0bef874451	Servidor rodando na porta 3000
2025-05-13	20:50:35	eeb8271f-45c5-4b5c-b6b6-e56b7a76fcf3	Servidor rodando na porta 3000
2025-05-13	20:53:22	07192bdd-7cc0-42bb-9a96-459734a23655	Servidor rodando na porta 3000
2025-05-13	20:55:35	a8e3398a-3cf9-408c-a38f-133faf60719d	Servidor rodando na porta 3000
2025-05-13	20:55:53	2102b069-d19b-43d0-9eaf-5c3830e326e4	Servidor rodando na porta 3000
2025-05-13	20:56:57	ad795adc-52e7-4d08-8840-f59a60261003	Servidor rodando na porta 3000
2025-05-13	20:57:30	e0279493-e0ff-4eb2-8f98-7f77737ea26d	Servidor rodando na porta 3000
2025-05-13	20:58:11	1a16fc3f-c2fd-478d-b365-74e6603c14d7	Servidor rodando na porta 3000
2025-05-13	21:01:14	7bb29219-2369-460a-9caf-df53b237d4ea	Servidor rodando na porta 3000
2025-05-13	21:01:52	14e16c97-b7b5-4c58-bbac-9740ed4fd5b0	Servidor rodando na porta 3000
2025-05-13	21:04:12	8eb49db8-7439-4d43-bb04-896d204b0931	Servidor rodando na porta 3000
2025-05-13	21:09:30	dee307fe-81c0-4684-a572-35af05037bb4	Servidor rodando na porta 3000
2025-05-13	21:09:46	7a27ab9f-fa01-4cc8-b029-88c40c82867f	Servidor rodando na porta 3000
2025-05-13	21:10:15	dcbca7c8-7e24-4350-93f1-d204de47346f	Servidor rodando na porta 3000
2025-05-13	21:22:36	6da8bd72-758a-4ba6-8f44-f2ded1e14f50	Servidor rodando na porta 3000
2025-05-13	21:23:43	6731b426-c3a7-4141-829a-c709f17e95a9	Servidor rodando na porta 3000
2025-05-13	21:24:42	2cee9dbf-37aa-4957-ae6a-6c15cf33fdf8	Servidor rodando na porta 3000
2025-05-13	21:29:51	6b142ed3-1ac8-45e0-9ec8-4b0fbe6de21d	Servidor rodando na porta 3000
2025-05-13	21:30:20	b2731195-1534-40de-bd89-7e2316f23c23	Servidor rodando na porta 3000
2025-05-13	21:33:27	6a3d6642-fa5e-427c-a928-9bfc45c85c25	Servidor rodando na porta 3000
2025-05-13	21:34:07	0fdeb6a8-8ede-4c99-a83b-83e4c652b278	Servidor rodando na porta 3000
2025-05-13	21:34:22	4d157c2d-6032-4ad7-8b93-181ebcc3ccfd	Servidor rodando na porta 3000
2025-05-13	21:34:32	1d2f0d57-77f4-4a00-b240-ba07335b3339	Servidor rodando na porta 3000
2025-05-13	21:37:13	22f32c82-d8cb-4b7a-bac4-33e1f6ecdba4	Servidor rodando na porta 3000
2025-05-13	21:38:19	8f8e5b2b-fed8-4722-8b33-2239a6c35f0d	Servidor rodando na porta 3000
2025-05-13	21:39:36	56a94876-385c-41e7-9a98-fc2ba586e8db	Servidor rodando na porta 3000
2025-05-13	21:40:00	7c4be28c-08c0-47dc-94a8-fbb2d8a4681a	Servidor rodando na porta 3000
2025-05-13	21:40:57	d55ac384-1491-42f4-a17c-1c91663e07cc	Servidor rodando na porta 3000
2025-05-13	21:41:43	32cafad2-0e9f-43ef-9b5d-1db04426296f	Servidor rodando na porta 3000
2025-05-13	21:42:01	2373fae8-1f62-486b-bf81-3ab0a11ea0f2	Servidor rodando na porta 3000
2025-05-13	21:42:30	a600a859-f65f-417e-a557-3a9b2eec7524	Servidor rodando na porta 3000
2025-05-13	21:44:12	9727808b-706a-4c67-afb3-a30714efbed1	Servidor rodando na porta 3000
2025-05-13	21:45:45	0110759d-f1d0-43ef-a001-f9628b66c818	Servidor rodando na porta 3000
2025-05-13	21:49:12	2d6e3bc7-3be9-4d30-a318-a0ee1e0e1db5	Servidor rodando na porta 3000
2025-05-13	21:51:28	2e3c5ea2-b992-4e1c-933f-7db2822d299a	Servidor rodando na porta 3000
2025-05-13	21:52:22	bb1a9c9d-b6d7-428d-8220-6fd3046980e0	Servidor rodando na porta 3000
2025-05-13	21:54:27	d60feec3-cb86-4ae2-bf8c-f0a09b1c8b98	Servidor rodando na porta 3000
2025-05-13	22:02:47	31935ff4-d508-489d-94da-1b4544481fdb	Servidor rodando na porta 3000
2025-05-13	22:05:12	b7747a1f-64a1-42d2-9f3d-b3f6989afa78	Servidor rodando na porta 3000
2025-05-13	22:20:50	4b28bc2d-38e8-493d-ba87-f5d960f45132	Servidor rodando na porta 3000
2025-05-13	22:23:45	4cecea1d-8522-4f2b-884e-62010608fd14	Servidor rodando na porta 3000
2025-05-13	22:24:07	0bcc6a5a-0dc4-4b50-ae8a-f615639a34b7	Servidor rodando na porta 3000
2025-05-13	22:24:48	866101c2-1a79-4b08-881b-e0a1bfe616a2	Servidor rodando na porta 3000
2025-05-13	22:30:54	bc50414d-b045-4b50-be68-100a9223b02b	Servidor rodando na porta 3000
2025-05-13	22:37:20	664d3476-f2a7-47a2-bbe4-8031a50e191c	Servidor rodando na porta 3000
2025-05-13	22:39:08	dc714df6-d7d1-4f7a-b04e-21798b4453b5	Servidor rodando na porta 3000
2025-05-13	22:42:46	463d00b3-e9c9-4b27-8f32-adad5f04999b	Servidor rodando na porta 3000
2025-05-13	22:45:05	2618f516-6c50-456e-8153-ea88292fbd54	Servidor rodando na porta 3000
2025-05-13	22:49:49	e6a56c20-bb08-44d3-8fce-2ba342629376	Servidor rodando na porta 3000
2025-05-13	23:28:50	f82f475b-5187-470d-af68-09cc8123e899	Servidor rodando na porta 3000
2025-05-13	23:29:57	eaed6924-703e-4025-a417-d81990ab9b06	Servidor rodando na porta 3000
2025-05-13	23:30:54	9089a4cf-7cc1-49c3-bd9e-c40d65f5336b	Servidor rodando na porta 3000
2025-05-13	23:40:26	d688c7e5-947e-4cc8-b8cc-4caab9e52386	Servidor rodando na porta 3000
2025-05-13	23:42:15	7d49d2ea-b6b3-47bd-91b9-74f648f84d93	Servidor rodando na porta 3000
2025-05-13	23:42:57	ef03d5a6-75da-4569-b730-60f9b6882db0	Servidor rodando na porta 3000
2025-05-13	23:43:29	ec62a844-77f2-4674-9c7b-9dd966a9e6e1	Servidor rodando na porta 3000
2025-05-13	23:44:37	b7d82c94-2c4f-430f-8a06-87f18df7b1ae	Servidor rodando na porta 3000
2025-05-13	23:45:10	3bc16ff2-b327-4dd5-9f84-bb91f36b6772	Servidor rodando na porta 3000
2025-05-13	23:45:24	1d157b4a-1406-4abc-bb21-02b890d07fd9	Servidor rodando na porta 3000
2025-05-13	23:46:30	4361c287-3073-4521-bb9c-7e55a11e5fad	Servidor rodando na porta 3000
2025-05-13	23:47:02	aeb95255-4a76-4166-8b33-d9f366ba740f	Servidor rodando na porta 3000
2025-05-13	23:50:52	13127a4a-6e30-43fb-935c-8b58cd8eafe1	Servidor rodando na porta 3000
2025-05-13	23:53:40	033d70f4-e99b-43cc-87ca-68b8414cd257	Servidor rodando na porta 3000
2025-05-13	23:55:17	467ed35e-db7f-4b9a-b112-d766e6dd0cd1	Servidor rodando na porta 3000
2025-05-13	23:55:56	ed34a8c3-666f-428f-8b1c-ec9ef40e17bd	Servidor rodando na porta 3000
2025-05-13	23:56:58	0a70a877-3088-44fc-adf2-90d84701f831	Servidor rodando na porta 3000
2025-05-13	23:57:54	e1792369-fdcb-4790-b4f4-a768b94e3af7	Servidor rodando na porta 3000
2025-05-13	23:58:18	47be98a3-f03f-4591-89d5-727782065884	Servidor rodando na porta 3000
2025-05-13	23:58:48	9a12acb0-52da-4404-9ee7-a563b8adc9a3	Servidor rodando na porta 3000
2025-05-14	00:00:52	a2e27a08-52cd-4fb9-8794-dfef721e8a89	Servidor rodando na porta 3000
2025-05-14	00:00:58	2f4219d5-abea-45b7-b6fb-ef65415113fb	Servidor rodando na porta 3000
2025-05-14	00:01:13	60701647-e53e-486b-9963-f6a654ddfdb2	Servidor rodando na porta 3000
2025-05-14	00:01:50	8bae1bf9-24ce-47c1-b8c3-10f581f2b839	Servidor rodando na porta 3000
2025-05-14	00:01:59	20a3ea33-4cd7-4d85-a676-4e24b18ae4f0	Servidor rodando na porta 3000
2025-05-14	00:03:07	df935ae2-34ac-4ae6-8d46-536561d2b701	Servidor rodando na porta 3000
2025-05-14	00:03:16	a7222903-0ab7-4d55-b302-099ee6fdd34b	Servidor rodando na porta 3000
2025-05-14	00:07:38	bd8afd0d-a63a-4df5-9b92-5304dc269c82	Servidor rodando na porta 3000
2025-05-14	00:08:34	a56dc9ee-9a76-49a5-bb28-1af5340db91e	Servidor rodando na porta 3000
2025-05-14	00:09:04	10f9f351-613c-4a9d-9963-691a9826e650	Servidor rodando na porta 3000
2025-05-14	00:12:19	23c1b58e-f5a9-4802-aa8d-3885640c2c11	Servidor rodando na porta 3000
2025-05-14	00:13:08	3357fda8-7a1d-4acc-b9d5-a4234aad02de	Servidor rodando na porta 3000
2025-05-14	00:13:32	ee2d4d6a-595b-4a98-bf4e-530a91c95866	Servidor rodando na porta 3000
2025-05-14	00:15:25	fd03d51e-1798-46fc-b955-47665464274f	Servidor rodando na porta 3000
2025-05-15	15:24:03	baa36fca-c0e0-4d7d-a0fd-ebdce21210bb	Servidor rodando na porta 3000
2025-05-15	15:27:25	ff917195-e8d5-435d-b455-65d0dd45a9ee	Servidor rodando na porta 3000
2025-05-15	15:29:35	18cc91d9-4d9f-494c-b0fe-d790b32812d2	Servidor rodando na porta 3000
2025-05-15	15:31:40	5d9a0e46-d628-47fd-aae2-c5be9cc2b8b2	Servidor rodando na porta 3000
2025-05-15	15:38:59	9b05c5a8-ff80-41d4-9c58-23de064c4258	Servidor rodando na porta 3000
2025-05-15	15:39:54	69fbed9f-7225-4b41-8faf-cd263c8f6067	Servidor rodando na porta 3000
2025-05-15	15:41:22	f0a30bf7-10b9-4dbc-9e15-b73ff9f8de68	Servidor rodando na porta 3000
2025-05-15	15:45:25	c3d5e2c5-9236-411c-ba47-adb9feaf5c27	Servidor rodando na porta 3000
2025-05-15	15:50:16	64b526c0-4ceb-4bfc-a3b1-d4a632f52e65	Servidor rodando na porta 3000
2025-05-15	20:54:53	b3a9e3f1-49c6-49da-99d1-c96f36114526	Servidor rodando na porta 3000
2025-05-15	20:56:37	efb452ac-fa82-4920-a4df-028c687df8ca	Servidor rodando na porta 3000
2025-05-15	21:04:24	85056556-dfc9-4828-954c-0cb4683463c0	Servidor rodando na porta 3000
2025-05-15	21:04:55	7e997f26-4f95-431d-bac8-2b5ca3503c6a	Servidor rodando na porta 3000
2025-05-17	17:55:16	8177121b-cf2c-4ef1-8265-df0cac11bb9b	Servidor rodando na porta 3000
2025-05-17	18:18:40	659530b2-da73-48c1-8a06-42e3f9965036	Servidor rodando na porta 3000
2025-05-17	18:21:23	f07ef2cf-b13a-4b45-887c-90b5e5c902fb	Servidor rodando na porta 3000
2025-05-17	18:21:47	7d49ff52-dd18-400c-817c-452f84ea56f9	Servidor rodando na porta 3000
2025-05-17	18:23:34	c955bfa3-25cf-4751-be28-054ff0bafaf5	Servidor rodando na porta 3000
2025-05-17	18:28:46	6004b1f3-4b2a-4938-b26e-496958bc781a	Servidor rodando na porta 3000
2025-05-17	18:29:06	bf73f4ee-6a09-47cd-8dc4-06b35fca7407	Servidor rodando na porta 3000
2025-05-17	18:29:54	b982d01b-8eef-41c9-bdd7-4c6af199ccd2	Servidor rodando na porta 3000
2025-05-17	18:30:20	6e33ce10-8de9-4c45-8d4d-c536a7237b70	Servidor rodando na porta 3000
2025-05-17	18:30:52	19907659-dbd0-4f0f-bdce-4887f60c9b4c	Servidor rodando na porta 3000
2025-05-17	18:37:19	0fd0510f-682a-49d9-b607-3f6d950f9eda	Servidor rodando na porta 3000
2025-05-17	18:37:37	e934475b-aaa0-4740-ad54-24301ef5007e	Servidor rodando na porta 3000
2025-05-17	18:38:06	68a04873-f294-4bc1-904a-0f2a95f3bcfd	Servidor rodando na porta 3000
2025-05-17	18:38:13	29cc4510-495c-4655-8b56-e1f704d58f79	Servidor rodando na porta 3000
2025-05-17	18:39:18	7e5a44a4-57c7-4a70-ae06-811e91c746a3	Servidor rodando na porta 3000
2025-05-17	18:39:27	22730320-573a-4777-8028-ad05f24fb085	Servidor rodando na porta 3000
2025-05-17	18:39:37	253950a3-0f58-4e53-88e9-b45f62f627cf	Servidor rodando na porta 3000
2025-05-17	18:41:55	8c1781ef-f6ef-4a06-ae7e-69e6fc226a4e	Servidor rodando na porta 3000
2025-05-17	18:51:07	fe4fdee9-d012-452c-ad7b-888c0d2593b1	Servidor rodando na porta 3000
2025-05-17	18:51:22	62d87530-311f-4bf4-9d3d-43f0e0edb675	Servidor rodando na porta 3000
2025-05-17	19:18:42	d9307ce1-78e5-4c7d-b34b-cd8881fd297d	Servidor rodando na porta 3000
2025-05-17	19:29:35	55b8a331-f836-4ef0-903e-dfcdc93f819c	Servidor rodando na porta 3000
2025-05-17	19:29:52	a8ab5963-c965-4f4a-86f7-54ab55712ecb	Servidor rodando na porta 3000
2025-05-17	19:30:02	9a6acd29-3055-40d9-9d21-b03a545e3acd	Servidor rodando na porta 3000
2025-05-17	19:36:56	47f49be0-fe66-41e9-a28c-e9b9d0eddf67	Servidor rodando na porta 3000
2025-05-17	19:47:10	d19ab359-b2d9-4cb0-9d02-bdbc54c311f2	Servidor rodando na porta 3000
2025-05-17	20:32:26	6cb35907-044b-4482-9c75-3490a540273d	Servidor rodando na porta 3000
2025-05-18	15:58:13	0c0cc01c-8e74-43c2-9ddb-99055fdaa859	Servidor rodando na porta 3000
2025-05-18	15:59:59	3f7b2552-3f04-438b-853b-b99491c197ba	Servidor rodando na porta 3000
2025-05-18	16:00:38	518af0a5-55bb-433a-a1cf-74557977e003	Servidor rodando na porta 3000
2025-05-18	16:01:29	390a3a0e-2a7a-44bf-8053-455b2ac71052	Servidor rodando na porta 3000
2025-05-18	16:05:31	b4d40c18-82c2-4efa-8913-07802cb126cc	Servidor rodando na porta 3000
2025-05-18	16:07:34	94fe86df-40a3-43e4-ba97-c0e2f6b6764c	Servidor rodando na porta 3000
2025-05-18	16:10:24	1c26df6c-8382-4a92-88ca-59b0bdba9490	Servidor rodando na porta 3000
2025-05-18	16:11:15	166105bc-ce35-4ee8-8e43-7559f0915807	Servidor rodando na porta 3000
2025-05-18	16:18:06	8876ae79-eaa3-4eac-8653-0759f4a0d895	Servidor rodando na porta 3000
2025-05-18	16:19:43	6dd4037d-32a9-463d-a908-663cb82d32cd	Servidor rodando na porta 3000
2025-05-18	16:27:07	e11a61d6-e8ef-4b76-a4a0-5e56ab57959c	Servidor rodando na porta 3000
2025-05-18	16:28:54	44799c88-5f61-42ff-a025-4a24a0f24307	Servidor rodando na porta 3000
2025-05-18	16:29:46	78e68126-bf04-4ce6-a705-05426927292c	Servidor rodando na porta 3000
2025-05-18	16:29:58	70752001-8075-491b-8870-3d75b92f8006	Servidor rodando na porta 3000
2025-05-18	16:30:04	a6d64205-86cb-4f49-8142-2e01d24c804b	Servidor rodando na porta 3000
2025-05-18	16:34:00	9bc66c1e-17ec-4984-bec2-a0f1d231c8cb	Servidor rodando na porta 3000
2025-05-18	16:34:27	c95f5ebd-e6c3-4481-872c-7c3442886f25	Servidor rodando na porta 3000
2025-05-18	16:35:57	abf3fdc8-9c8a-4208-8f61-6d101ee80f1d	Servidor rodando na porta 3000
2025-05-18	16:36:41	14568e92-4397-4d3c-8ccd-54fb843f042e	Servidor rodando na porta 3000
2025-05-18	16:36:49	84273d4e-c0f1-4246-96a6-d443bac21277	Servidor rodando na porta 3000
2025-05-18	16:37:25	d868ee97-a78f-4e24-be4a-694c952bb2ee	Servidor rodando na porta 3000
2025-05-18	16:38:55	b860dafe-bbf9-42ad-b642-b026826d054b	Servidor rodando na porta 3000
