2025-05-12	17:44:59	3ca39107-93ba-4d5e-a4b8-1f91e467404a	POST	//maeSolo//cadastrarMae	undefined
2025-05-12	17:47:13	bc825767-1441-4b06-8633-716934b26a8d	POST	//maeSolo//cadastrarMae	undefined
2025-05-13	20:49:12	9d72ee0e-08c6-4b2e-bf18-1ff7e4eb301c	POST	/maeSolo/cadastrarMae	undefined
2025-05-13	21:10:29	37028317-9326-4be0-9d66-721b54514391	POST	/maeSolo/cadastrarMae	undefined
2025-05-13	21:22:36	33147fac-eee4-4374-84c0-bc0d70987ce4	POST	/maeSolo/cadastrarMae	undefined
2025-05-13	21:24:49	6c145f8c-437d-44a7-bb89-d54630ec22d5	POST	/maeSolo/cadastrarMae	undefined
2025-05-13	21:34:37	2bc20bce-672c-4462-b65e-275ec4f2f7b0	POST	/maeSolo/cadastrarMae	undefined
2025-05-13	21:38:34	ef5e310e-4fc5-433c-a5d5-4fc522fc44b8	POST	/maeSolo/cadastrarMae	undefined
2025-05-13	21:40:00	ad916552-e0ac-4862-949a-b2bfa5a6d421	POST	/maeSolo/cadastrarMae	undefined
2025-05-13	21:40:59	d19cfb50-568a-42df-a6cb-cbbe923e0e21	POST	/maeSolo/cadastrarMae	undefined
2025-05-13	21:42:05	75d6cc48-7a81-4379-a6e3-afba84220b7b	POST	/maeSolo/cadastrarMae	undefined
2025-05-13	21:42:10	510c7b8e-4b17-4f44-b735-3305f589efec	POST	/maeSolo/cadastrarMae	undefined
2025-05-13	21:42:31	d074ebd4-a899-41e8-9dfb-91792ac0e8d1	POST	/maeSolo/cadastrarMae	undefined
2025-05-13	21:44:20	5dd35c79-aa8e-4626-9398-d02b9f793ca9	POST	/maeSolo/cadastrarMae	undefined
2025-05-13	21:45:46	6ebc0ab5-f0e8-4968-ac5e-57bdea64ea41	POST	/maeSolo/cadastrarMae	undefined
2025-05-13	21:49:14	a886ee76-39da-414c-9dcc-e11d65ec7a36	POST	/maeSolo/cadastrarMae	undefined
2025-05-13	21:51:31	ba93d301-9f2a-4f4b-a5c9-e9d6643d1540	POST	/maeSolo/cadastrarMae	undefined
2025-05-13	21:52:24	09e4916f-7121-4937-afa0-db4d40036bd4	POST	/maeSolo/cadastrarMae	undefined
2025-05-13	21:54:27	e224b256-5bca-4d54-b06f-79ea2aa9e357	POST	/maeSolo/cadastrarMae	undefined
2025-05-13	22:02:51	53359aa6-7a41-43a5-97f0-fd9985315f78	POST	/maeSolo/cadastrarMae	undefined
2025-05-13	22:05:12	9fbd2369-ee39-44c0-913c-810b36e7facb	POST	/maeSolo/cadastrarMae	undefined
2025-05-13	22:05:19	e1007f6e-912e-40fe-a4aa-fa80002fb177	POST	/maeSolo/cadastrarMae	undefined
2025-05-13	22:10:29	9e544e43-0e37-4bd8-b675-765f4c429abe	POST	/maeSolo/cadastrarMae	undefined
2025-05-13	22:20:56	f24ec8cd-9c3e-47f3-948d-95045818d4e0	POST	/maeSolo/cadastrarMae	undefined
2025-05-13	22:24:48	9508707b-14fa-4524-b0ec-357428c422fc	POST	/maeSolo/cadastrarMae	undefined
2025-05-13	22:25:04	403d0fa4-38f7-48c8-af08-5b299f8b0322	POST	/maeSolo/cadastrarMae	undefined
2025-05-13	22:31:06	a2f712f9-2aa1-4a46-99cb-bc806d3c356e	POST	/maeSolo/cadastrarMae	undefined
2025-05-13	22:42:57	dd5960d5-5c31-46d5-8caf-db49e359cd26	POST	/maeSolo/cadastrarMae	undefined
2025-05-13	22:45:14	06f98eb7-0f2d-40f3-bd87-dd0aada808da	POST	/maeSolo/cadastrarMae	undefined
2025-05-13	22:50:04	4bef0c9e-f106-4354-8ca4-ce8c93929eeb	POST	/maeSolo/cadastrarMae	undefined
2025-05-13	23:29:23	76622ff5-f097-4423-8384-77537cb55f12	POST	/maeSolo/cadastrarMae	undefined
2025-05-13	23:30:03	317f1a2f-c2aa-413b-9203-5703b52e5a36	POST	/maeSolo/cadastrarMae	undefined
2025-05-13	23:31:26	0b412f6b-e44c-4b3a-b210-e1573424500e	POST	/maeSolo/cadastrarMae	undefined
2025-05-13	23:40:32	7756fbcc-6a07-4c53-95f2-20a44a4fe88d	POST	/maeSolo/cadastrarMae	undefined
2025-05-13	23:40:42	ce6c5a40-f2ff-4784-a8e0-37cb8008cf67	POST	/maeSolo/cadastrarMae	undefined
2025-05-13	23:40:42	6f4bdfa4-a7e4-4325-bba8-220f2ad29334	POST	/maeSolo/cadastrarMae	undefined
2025-05-13	23:40:56	b7374772-ae2d-4c79-bb2b-5a7856cc0dba	POST	/maeSolo/cadastrarMae	undefined
2025-05-15	15:25:38	1155910e-3154-43d7-a52d-94d9378bcb95	POST	/maeSolo/cadastrarMae	undefined
2025-05-15	15:26:15	c81f1baf-1211-4e95-8c27-22a29df77f29	POST	/maeSolo/cadastrarMae	undefined
2025-05-15	15:31:58	ecbaff8a-28b5-4d25-9ff8-d8d810948008	POST	/maeSolo/cadastrarMae	undefined
2025-05-15	15:32:10	ac4d85c5-10c3-4d84-8bb1-8af1ef9e0c90	POST	/maeSolo/cadastrar-mae	undefined
2025-05-15	15:32:20	4dc38cb9-6be3-4b5f-8514-56642cb08fe3	POST	/mae-solo/cadastrar-mae	undefined
2025-05-15	15:35:37	b92ee2f8-4a1e-4541-9750-4812c574374e	POST	/mae-solo/cadastrar-mae	undefined
2025-05-15	15:39:17	955af344-e385-4913-a035-f358f0ab5085	POST	/mae-solo/cadastrar-mae	undefined
2025-05-15	15:39:58	6929b7e6-2d8a-45a5-b494-42530770faa3	POST	/mae-solo/cadastrar-mae	undefined
2025-05-15	15:41:22	e78f01d9-7b35-43dc-93fc-9cbd632f32f3	POST	/mae-solo/cadastrar-mae	undefined
2025-05-15	15:42:33	b91763b5-4081-49f7-bf6e-0535d73f555e	POST	/mae-solo/cadastrar-mae	undefined
2025-05-15	15:43:58	56a2077c-d339-4c3c-b8fd-3e41b503be81	GET	/mae-solo/	undefined
2025-05-15	20:55:20	18701c1b-14bb-4e6f-8f4a-bd18f29ec632	GET	/mae-solo/8	undefined
2025-05-15	20:55:24	0cb153bd-1b94-4d61-b289-b9b61f8e37a4	POST	/mae-solo/cadastrar-mae	undefined
2025-05-15	21:04:24	b992a7a5-8aec-4baf-9a4d-be1e34cf13c4	POST	/mae-solo/cadastrar-mae	undefined
2025-05-17	17:56:23	66598532-f304-43b5-b965-cd0bf008e8f4	POST	/mae-solo/cadastrar-mae	undefined
2025-05-17	18:18:50	5e5c12b4-9e6d-47d6-8e3f-8e5fecff7499	GET	/mae-solo/mae	undefined
2025-05-17	18:18:57	667a6965-a2d8-41ea-8fb4-cbfa77a7b5da	POST	/mae-solo/cadastrar-mae	undefined
2025-05-17	18:19:05	c12eb23a-b439-49ce-a669-c3149f8b37b9	POST	/mae-solo/mae/cadastrar-mae	undefined
2025-05-17	18:19:24	184943ba-147c-4322-a799-a9773d2926a6	POST	/mae-solo/mae/cadastrar	undefined
2025-05-17	18:20:42	b74deada-e38f-4a0a-a6e2-1a6e5cd99e6a	POST	/mae-solo/mae/cadastrar	undefined
2025-05-17	18:21:47	bde13c42-8422-4527-8d7e-a1170bb9a6aa	POST	/mae-solo/mae/cadastrar	undefined
2025-05-17	18:23:34	4e7292f5-1e1c-41fc-bd88-c6d89ac77f82	POST	/mae-solo/mae/cadastrar	undefined
2025-05-17	18:28:46	55e67164-a7a7-4502-83f0-8bf9e44cc6d2	POST	/mae-solo/mae/cadastrar	undefined
2025-05-17	18:28:46	fba12891-1f47-48f2-abb3-cdf735430890	POST	/mae-solo/mae/cadastrar	undefined
2025-05-17	18:29:30	ac05c588-de21-40f8-a497-d66e48a0b2d9	POST	/mae-solo/mae/cadastrar	undefined
2025-05-17	18:29:54	6757373b-5a80-4d11-b050-1043dc353fcb	POST	/mae-solo/mae/cadastrar	undefined
2025-05-17	18:38:13	a84285f9-753d-4d2c-be44-fb58b0ace677	POST	/mae-solo/mae/cadastrar	undefined
2025-05-17	18:38:14	4ed5a9d0-6e3b-4830-84c3-f3ca1b06923c	POST	/mae-solo/mae/cadastrar	undefined
2025-05-17	18:39:38	82595db9-32b4-497c-9bf1-d2f4db7bb5fb	POST	/mae-solo/mae/cadastrar	undefined
2025-05-17	18:39:38	41de7a29-beea-425d-bdd4-cab2e30b4aae	POST	/mae-solo/mae/cadastrar	undefined
2025-05-17	18:51:55	c376004c-e448-4ec4-ac0f-f7167f2d7444	POST	/mae-solo/mae/cadastrar	undefined
2025-05-17	19:12:54	a66aed9d-d958-44c5-9a1e-52332ec27fa1	POST	/mae-solo/ma/atualizar?documentoIdentificacao=8	undefined
2025-05-17	19:13:02	e291b79c-11bb-4b11-b09f-03be4b9c1763	POST	/mae-solo/mae/atualizar?documentoIdentificacao=8	undefined
2025-05-17	19:13:28	8cdcb903-fb09-443d-a458-9f2c1484ef86	POST	/mae-solo/mae/atualizar?documentoIdentificacao=8	undefined
2025-05-17	19:13:33	373cef16-b3d2-4122-81d0-f92599736954	POST	/mae-solo/mae/atualizar:8?documentoIdentificacao=8	undefined
2025-05-17	19:14:40	0ab137e9-9b72-44a3-8285-d7f5977785f0	POST	/mae-solo/mae/atualizar?documentoIdentificacao=8	undefined
2025-05-17	19:14:52	bde6c334-e2b9-4521-97e9-54d7c335dd96	PUT	/mae-solo/mae/atualizar?documentoIdentificacao=8	undefined
2025-05-17	19:14:54	744075ce-62a9-4379-ab2a-888df90ae189	PUT	/mae-solo/mae/atualizar?documentoIdentificacao=8	undefined
2025-05-17	19:15:14	36ea2261-2510-4ceb-b09f-df9781dc7e8c	PUT	/mae-solo/mae/atualizar?documentoIdentificacao=8	undefined
2025-05-17	19:15:30	3245d51e-b86b-43e2-a3d2-d1926baa9ffc	GET	/mae-solo/mae	undefined
2025-05-17	19:15:49	9f91a6ef-8b6e-46bc-80ca-0cc03a2f2f62	GET	/mae-solo/mae	undefined
2025-05-17	19:15:57	cf5d254b-2b4a-46b7-ac08-c6b1cb7747ee	GET	/mae-solo/mae	undefined
2025-05-17	19:16:54	afe6a281-5a42-4918-99c1-2ed322a8d8d3	PUT	/mae-solo/mae/atualizar?documentoIdentificacao=8	undefined
2025-05-17	19:17:58	869ea9f9-e987-4c90-859b-ecf2de09adc7	PUT	/mae-solo/mae/atualizar?documentoIdentificacao=8	undefined
2025-05-17	19:18:49	5176cf63-5d7a-4811-9deb-32b468652722	PUT	/mae-solo/mae/atualizar?documentoIdentificacao=8	undefined
2025-05-17	19:19:21	5ede4990-e5ac-415e-a0e8-864fb8d3fc37	PUT	/mae-solo/mae/atualizar?documentoIdentificacao=8	undefined
2025-05-17	19:24:06	053f318c-935c-4918-a31f-a7006332934b	PUT	/mae-solo/mae/atualizar?documentoIdentificacao=8	undefined
2025-05-17	19:24:17	8785c44c-85e7-471b-a798-a45151b62f5c	PUT	/mae-solo/mae/atualizar/8?documentoIdentificacao=8	undefined
2025-05-17	19:24:33	57e48cbc-d633-4e60-ab31-dfa6ece1f5c8	PUT	/mae-solo/mae/atualizar/?documentoIdentificacao=8	undefined
2025-05-17	19:30:17	27799c14-90b4-4ec2-bed8-57b425a62096	PUT	/mae-solo/mae/atualizar/?cpf=8	undefined
2025-05-17	19:44:54	6b0b8008-5f5c-40fa-a866-1c6d37a0f8f9	GET	/mae-solo/mae	undefined
2025-05-17	19:45:03	bafe2fc4-dc4e-4dc2-8cf2-a60d11afb388	PUT	/mae-solo/mae/atualizar?cpf=8	undefined
2025-05-17	19:45:41	b22c9664-e1da-486b-b8be-fe53c9dbfac8	PUT	/mae-solo/mae/atualizar/8	undefined
2025-05-17	19:46:07	26d508eb-1f3c-4915-9837-dac5c465a577	PUT	/mae-solo/mae/atualizar/8	undefined
2025-05-17	19:47:11	a844a9df-103c-4a14-920b-e106d12848e1	PUT	/mae-solo/mae/atualizar/8	undefined
2025-05-17	20:32:33	1e6d00e6-2dfa-4c82-b1aa-bbfa3c32942f	PUT	/mae-solo/mae/atualizar/8	undefined
2025-05-18	15:58:44	bfce5c00-3dd4-452f-9934-f2806cbdebc3	PUT	/mae-solo/mae/atualizar/8	undefined
2025-05-18	16:00:04	2f4362e9-94dd-415f-9d1c-442ed9f1a58a	PUT	/mae-solo/mae/atualizar/8	undefined
2025-05-18	16:00:41	97fce837-a4f9-4334-8421-2033a362b774	PUT	/mae-solo/mae/atualizar/8	undefined
2025-05-18	16:01:37	5d89a4eb-5fb0-4743-9795-d28c22ef2603	PUT	/mae-solo/mae/atualizar/8	undefined
2025-05-18	16:07:38	1ca39f59-1e6f-4a7d-8ca7-b199dbb27198	PUT	/mae-solo/mae/atualizar/8	undefined
2025-05-18	16:10:25	fd0c5104-625a-4341-b6e4-deffac7370f2	PUT	/mae-solo/mae/atualizar/8	undefined
2025-05-18	16:21:40	afc0f9d3-140b-48da-a113-2a0f13ee3d88	PUT	/mae-solo/mae/deletar?cpf=8	undefined
2025-05-18	16:22:29	e6dc57d4-2d0c-4cf6-a447-a4e8d06abba1	PUT	/mae-solo/mae/deletar/8	undefined
2025-05-18	16:23:29	3b6f13fc-9c56-49a3-97a4-94a804d121f1	DELETE	/mae-solo/mae/deletar/8	undefined
2025-05-18	16:27:09	6464ac7c-b072-4e51-b924-9c54222a5099	DELETE	/mae-solo/mae/deletar/8	undefined
2025-05-18	16:30:04	694be1e8-d2d3-4f7a-96ff-7c9054160d50	DELETE	/mae-solo/mae/deletar/8	undefined
2025-05-18	16:30:04	8fc5a665-885a-4791-98a9-b3893d5458bd	DELETE	/mae-solo/mae/deletar/8	undefined
2025-05-18	16:34:04	6176ffb8-eaa3-4ce4-a1eb-c1a909a40035	PUT	/mae-solo/mae/atualizar/8	undefined
2025-05-18	16:34:07	8951f0e5-1606-469a-97a5-c095f3bdccd9	PUT	/mae-solo/mae/atualizar/8	undefined
2025-05-18	16:34:30	d2e6e2b7-74b4-405f-ba7e-c5ba6d8571bb	PUT	/mae-solo/mae/atualizar/8	undefined
2025-05-18	16:36:02	e024a43a-e9cd-404e-9869-a995564fd825	DELETE	/mae-solo/mae/deletar/8	undefined
2025-05-18	16:36:52	5ce8864a-8fdb-46ae-bb9d-5ad81e69b1d6	DELETE	/mae-solo/mae/deletar/8	undefined
2025-05-19	16:11:37	739a698d-8939-49f7-9bab-a9dd6a012235	GET	/mae-solo/profissional/cadastrar	undefined
2025-05-19	16:19:42	467d4a10-c816-419e-b330-34aaf31f6816	POST	/mae-solo/profissional/cadastrar	undefined
2025-05-19	16:19:50	acd3a688-cbaf-439e-9f4f-bcc18b8b06ba	POST	/mae-solo/profissional/cadastrar	undefined
2025-05-19	18:05:33	e865da3e-89ac-4b58-ac6b-ab5e71ced1ff	POST	/mae-solo/profissional/cadastrar	undefined
2025-05-19	18:05:42	473f7168-603b-4aec-9b88-1aeebcd827fa	POST	/mae-solo/profissional/cadastrar	undefined
2025-05-20	09:51:24	56e48cea-6b3b-4bf0-be18-ffd7a1e191d3	GET	/mae-solo/profissional	undefined
2025-05-20	09:51:32	5655a965-fdee-49d5-969c-92c0c04a08fd	GET	/profissional	undefined
2025-05-20	09:52:29	9dcfaf40-ba22-43ed-bc44-683846d06389	GET	/profissional	undefined
2025-05-20	09:55:12	7f135a31-5fbe-4e4f-8dee-faab17976ca9	GET	/profissional	undefined
2025-05-20	09:55:34	c2eba2c2-3e24-4cd4-8883-6827c061e4a5	GET	/profissional	undefined
2025-05-20	09:57:06	981ff820-3cb3-44d9-8d00-87f8d14a7ae9	GET	/profissional/atualizar/10	undefined
2025-05-20	09:57:38	bce162e3-3a7e-445f-bd60-1d278728ced1	PUT	/profissional/atualizar/10	undefined
2025-05-20	10:12:17	15add0a6-0f48-4632-a7c6-049d7e6ad5d3	PUT	/profissional/atualizar/10	undefined
2025-05-20	10:12:54	cee1f783-1c12-443a-a10f-a50b2621d332	PUT	/profissional/atualizar/10	undefined
2025-05-20	10:13:38	57709213-e803-47d2-b47f-0bc6842952fa	PUT	/profissional/atualizar/10	undefined
2025-05-20	10:14:10	2048f86f-d60a-402c-8647-00afcfd6da4f	PUT	/profissional/atualizar/10	undefined
2025-05-20	10:15:05	355de96f-d145-4c8f-943b-6ec3ccd1c8be	PUT	/profissional/atualizar/10	undefined
2025-05-20	10:15:16	7fc20012-6aa9-4ba3-acbf-90a27da753ad	PUT	/mae-solo/mae/atualizar/7	undefined
2025-05-20	10:15:19	6d83aca6-192d-478f-b490-6e90900e50c2	PUT	/mae-solo/mae/atualizar/7	undefined
2025-05-20	10:19:49	2b1fa118-779c-45bc-9bdc-e9487c72fefe	PUT	/profissional/atualizar/10	undefined
2025-05-20	10:19:59	7d3180f5-2814-49c1-9c23-8d34b9f0b923	DELETE	/profissional/deletar/10	undefined
2025-05-20	10:20:58	50d5e857-1604-4ec0-a0e0-66410ab208b3	DELETE	/profissional/deletar/10	undefined
2025-05-20	10:24:47	dead1bf8-d005-489e-a169-189f61b269d0	DELETE	/mae-solo/mae/deletar/7	undefined
2025-05-20	10:31:36	2078445e-f0bb-444b-b8a7-df8e896a6682	DELETE	/profissional/deletar/10	undefined
2025-05-20	10:33:16	c456d381-941e-4dee-9afb-2fbc46eeb808	DELETE	/profissional/deletar/10	undefined
2025-05-20	16:34:10	ca5daa12-8a37-4158-ac31-a3118c6efea6	POST	/mae-solo/mae/cadastrar	undefined
2025-05-20	16:34:23	0df1dc8f-6393-4ed8-b1d4-911aee31a05d	GET	/mae-solo/mae	undefined
2025-05-20	16:38:47	bce4b386-d074-42fd-ae82-569e7dbe4cb7	PUT	/mae-solo/mae/atualizar/20	undefined
2025-05-20	16:43:53	cffad3de-2435-4790-91b9-9efa3c03a593	DELETE	/mae-solo/mae/deletar/	undefined
2025-05-20	16:44:03	072f99e3-f8a4-4064-ab6a-6735832835a9	DELETE	/mae-solo/mae/deletar/20	undefined
2025-05-21	19:07:18	ec0da95b-2f19-476b-93df-90ab30232f63	POST	/mae-solo/mae/cadastrar	undefined
2025-05-21	19:07:55	a55c3125-fad2-4fd8-bc01-9976975ad591	POST	/mae-solo/mae/cadastrar	undefined
2025-05-21	20:31:55	08284d33-d527-42f0-9fb4-b3f1e96e1720	POST	/mae-solo/mae/cadastrar	undefined
2025-05-21	21:03:09	8cab1f07-8e9e-437a-9ddb-8aea0e3013f9	POST	/mae-solo/mae/cadastrar	undefined
2025-05-21	23:55:52	4725fe72-1f73-4932-b10e-3b450e88ad8b	GET	/profissional	undefined
2025-05-21	23:58:47	4256690e-05a8-4b1b-afdd-1e67c09c9f71	GET	/profissional	undefined
2025-05-22	09:29:24	b4f5fbb1-51ff-4c9a-bade-3294c5102cad	GET	/profissional	undefined
2025-05-22	09:31:03	87c6820d-fa72-4cd6-92a1-bd7d0c192305	GET	/disponibilidade	undefined
2025-05-22	09:31:42	6035b73e-735b-4917-b897-b55ac0011539	GET	/disponibilidade	undefined
2025-05-22	09:32:21	a2811636-14d3-42ad-aaf1-46005da62c5f	GET	/disponibilidade	undefined
2025-05-22	10:16:13	69e4d2d8-93ec-4835-87e0-74e7030bc369	POST	/disponibilidade/criar-disponibilidade	undefined
2025-05-22	10:19:04	df0e5515-1130-4e42-ab13-aff64cf2a5f4	POST	/disponibilidade/criar-disponibilidade	undefined
2025-05-22	10:19:08	351cbe55-83d8-4dad-9c60-6006c5805610	POST	/disponibilidade/criar-disponibilidade	undefined
2025-05-22	10:19:10	1ce239ca-c193-4b57-a111-75d4c313f4c0	POST	/disponibilidade/criar-disponibilidade	undefined
2025-05-22	10:28:27	8b3085fa-8e81-4481-882f-28cbf24a454f	POST	/disponibilidade/criar-disponibilidade	undefined
2025-05-22	10:31:19	48804eda-787c-40db-9aba-7bfb992bdfc0	POST	/disponibilidade/criar-disponibilidade	undefined
2025-05-22	10:32:13	b2b5aa0b-1fea-4919-938d-3842f348e2ec	POST	/disponibilidade/criar-disponibilidade	undefined
2025-05-22	10:32:13	7a188759-64dc-4d0e-9458-09fc3379e773	POST	/disponibilidade/criar-disponibilidade	undefined
2025-05-22	10:32:13	c6f040dd-7b04-4de2-a2f8-8c6d5367a414	POST	/disponibilidade/criar-disponibilidade	undefined
2025-05-22	10:32:19	18040054-4cd8-4695-9edf-419cd7069eef	POST	/disponibilidade/criar-disponibilidade	undefined
2025-05-22	10:33:37	57423fce-c823-45f3-82dc-b0725dd1c986	POST	/disponibilidade/criar-disponibilidade	undefined
2025-05-22	10:34:57	73f38089-89da-4fd4-8c30-b5bfe6e7f12a	POST	/disponibilidade/criar-disponibilidade	undefined
2025-05-22	10:36:37	8b92fdd8-8936-4d6f-9481-3b5c0206c400	POST	/disponibilidade/criar-disponibilidade	undefined
2025-05-22	10:41:33	60324a9f-cabd-431f-8a28-fc3c333a8b0d	POST	/disponibilidade/criar-disponibilidade	undefined
2025-05-22	10:47:34	4a567fd3-1a79-4f9e-8110-c37e3446d4e3	POST	/disponibilidade/criar-disponibilidade	undefined
2025-05-22	10:48:46	f0a4bbcd-4714-4763-94e1-04e228570eee	POST	/disponibilidade/criar-disponibilidade	undefined
2025-05-22	10:48:47	e198beca-86e4-4905-aed9-037583e521d7	POST	/disponibilidade/criar-disponibilidade	undefined
2025-05-22	10:56:55	fe6ff994-53ab-4c0e-8a4e-09401a14acb2	POST	/disponibilidade/criar	undefined
2025-05-22	11:01:25	f5d07751-9167-42df-ac1d-1c5cf731b8e6	PUT	/disponibilidade/atualizar/638bc2b0-12d0-4225-99bc-aaec400d0a54	undefined
2025-05-22	11:03:50	32ab11d8-712b-450f-bbf8-52d23195879f	PUT	/disponibilidade/atualizar/638bc2b0-12d0-4225-99bc-aaec400d0a54	undefined
2025-05-22	11:05:21	68e66fd7-f317-48f2-9847-8c46d8350be7	PUT	/disponibilidade/atualizar/638bc2b0-12d0-4225-99bc-aaec400d0a54	undefined
2025-05-22	11:18:39	9f26f7ae-c525-48db-8106-f2fc084f6e51	PUT	/disponibilidade/atualizar/638bc2b0-12d0-4225-99bc-aaec400d0a54	undefined
2025-05-22	11:20:42	fca80ee9-b1b7-4891-bff3-ba1396bcc354	PUT	/disponibilidade/atualizar/638bc2b0-12d0-4225-99bc-aaec400d0a54	undefined
2025-05-22	11:20:41	0639229b-5aa3-4331-8e25-daa82b23b787	PUT	/disponibilidade/atualizar/638bc2b0-12d0-4225-99bc-aaec400d0a54	undefined
